<?xml version="1.0" encoding="UTF-8"?><TestSessionContainer xmlns="http://www.codecover.org/xml/testsession-container" Date="1654722038071" TestSessionContainerId="032ffd4c-79e7-4c86-8b0a-8eb6f571e432" version="1.0">
<SrcFileList>
<SrcFile Content="import java.util.Calendar;&#13;&#10;&#13;&#10;&#13;&#10;public class OrgViaggio {&#13;&#10;&#13;&#10;&#9;public int[] tir;&#13;&#10;&#9;&#13;&#10;&#9;//Costruttore - inizializza il parco macchina in cui vi sono 60 Tir totali&#13;&#10;&#9;public OrgViaggio(){&#13;&#10;&#9;&#9;tir = new int[60]; // Parco macchina&#13;&#10;&#9;}&#13;&#10;&#13;&#10;&#9;public int assegnaCodice_merce(String typeMerc) {&#13;&#10;&#9;&#9;if(typeMerc.equals(&quot;Frutta&quot;)) return 1;&#13;&#10;&#9;&#9;else if(typeMerc.equals(&quot;Pasta&quot;)) return 2;&#13;&#10;&#9;&#9;else return 3;&#13;&#10;&#9;}&#13;&#10;&#9;&#13;&#10;&#9;public int assegnaCodice_zona(String typeZone) {&#13;&#10;&#9;&#9;int zone = 0;&#13;&#10;&#9;&#9;if(typeZone.equals(&quot;NORD&quot;)) zone = 4; //codice identificativo Azienda&#13;&#10;&#9;&#9;else {&#13;&#10;&#9;&#9;&#9;if(typeZone.equals(&quot;CENTRO&quot;)) zone = 5;  //codice identificativo Azienda&#13;&#10;&#9;&#9;&#9;else if(typeZone.equals(&quot;SUD&quot;)) zone = 6;  //codice identificativo Azienda&#13;&#10;&#9;&#9;}&#13;&#10;&#9;&#9;return zone;&#13;&#10;&#9;}&#13;&#10;&#9;&#13;&#10;&#9;//Ottenuti i codici identificativi l'azienda autorizza il viaggio in modo imminente oppure aspettare e spedire la merce in un secondo momento&#13;&#10;&#9;public boolean flagViaggio(int code_merce,int code_zone) {&#13;&#10;&#9;&#9;&#13;&#10;&#9;&#9;boolean res; //inizialmente nessuno può partire&#13;&#10;&#9;&#9;&#13;&#10;&#9;&#9;//Frutta - Nord partire subito -&gt; 1 - 4&#13;&#10;&#9;&#9;//Frutta - Centro partire subito -&gt; 1 - 5&#13;&#10;&#9;&#9;//Pasta - Nord partire subito -&gt; 2 - 4&#13;&#10;&#9;&#9;//Tutti gli altri casi non obbligatorimente subito&#13;&#10;&#9;&#9;if (code_merce == 1 &amp;&amp; (code_zone == 4  || code_zone == 5)) {&#13;&#10;&#9;&#9;&#9;res = true;&#13;&#10;&#9;&#9;}&#13;&#10;&#9;&#9;else if(code_merce == 2 &amp;&amp; code_zone == 4) {&#13;&#10;&#9;&#9;&#9;res = true;&#13;&#10;&#9;&#9;}&#13;&#10;&#9;&#9;else {&#13;&#10;&#9;&#9;&#9;res = false;&#13;&#10;&#9;&#9;}&#13;&#10;&#9;&#9;&#9;&#13;&#10;&#9;&#9;return res;&#13;&#10;&#9;&#9;&#9;&#13;&#10;&#9;}&#13;&#10;&#9;&#13;&#10;&#9;&#13;&#10;&#9;&#13;&#10;&#9;public int[] assegnaCodice_camion(int[] tir, int qta,int zonaIt) {&#13;&#10;&#9;&#9;&#13;&#10;&#9;&#9;for(int i = 0;i &lt; qta;i++) {&#13;&#10;&#9;&#9;&#9; tir[i] = zonaIt;&#13;&#10;&#9;&#9; }&#13;&#10;&#9;&#9; return tir;&#13;&#10;&#9;&#9;&#13;&#10;&#9;}&#13;&#10;&#9;&#13;&#10;&#9;public boolean backTir(int[] tir)  {&#13;&#10;&#9;&#9;boolean yesReturn = false;&#13;&#10;&#9;&#9;&#13;&#10;&#9;&#9;for(int i = 0;i &lt; tir.length;i++) {&#13;&#10;&#13;&#10;&#9;&#9;&#9;if(tir[i] != 0 &amp;&amp; tir[i] == 4) {&#13;&#10;&#9;&#9;&#9;&#9;Calendar calendar = Calendar.getInstance();&#13;&#10;&#9;&#9;&#9;&#9;calendar.add(Calendar.DATE, 4);&#9;&#13;&#10;&#9;&#9;&#9;&#9;System.out.print(&quot;Il mezzo tornerà: &quot; + calendar.getTime() + &quot;\n&quot;);&#13;&#10;&#9;&#9;&#9;&#9;yesReturn = true;&#13;&#10;&#9;&#9;&#9;}&#13;&#10;&#9;&#9;&#9;else if(tir[i] != 0 &amp;&amp; tir[i] == 5) {&#13;&#10;&#9;&#9;&#9;&#9;&#9;Calendar calendar = Calendar.getInstance();&#13;&#10;&#9;&#9;&#9;&#9;&#9;calendar.add(Calendar.DATE, 2);&#9;&#13;&#10;&#9;&#9;&#9;&#9;&#9;System.out.print(&quot;Il mezzo tornerà: &quot; + calendar.getTime() + &quot;\n&quot;);&#13;&#10;&#9;&#9;&#9;&#9;&#9;yesReturn = true;&#13;&#10;&#9;&#9;&#9;&#9;}&#13;&#10;&#9;&#9;&#9;&#13;&#10;&#9;&#9;&#9;else if(tir[i] != 0 &amp;&amp; tir[i] == 6) {&#13;&#10;&#9;&#9;&#9;&#9;Calendar calendar = Calendar.getInstance();&#13;&#10;&#9;&#9;&#9;&#9;calendar.add(Calendar.DATE, 1);&#9;&#13;&#10;&#9;&#9;&#9;&#9;System.out.print(&quot;Il mezzo tornerà: &quot; + calendar.getTime() + &quot;\n&quot;);&#13;&#10;&#9;&#9;&#9;&#9;yesReturn = true;&#13;&#10;&#9;&#9;&#9;}&#13;&#10;&#9;&#9;}&#13;&#10;&#9;&#9;&#9;&#9;&#13;&#10;&#9;&#9;return yesReturn;&#13;&#10;&#9;}&#13;&#10;&#9;&#13;&#10;}&#13;&#10;&#9;&#13;&#10;&#13;&#10;" Filename="OrgViaggio.java" Intrnl_Id="1"/>
<SrcFile Content="import static org.junit.Assert.*;&#13;&#10;&#13;&#10;import org.junit.Test;&#13;&#10;&#13;&#10;public class TestTir1 {&#13;&#10;&#13;&#10;&#9;&#13;&#10;&#9;//Testo il metodo assegnaCodice_merce(String typeMerc)&#13;&#10;&#9;//Il metodo prende una stringa e restituisce un codice identificativo che assegna l'azienda in riferimento al tipo di prodotto da spedire&#13;&#10;&#9;@Test&#13;&#10;&#9;public void test1() {&#13;&#10;&#9;&#9;OrgViaggio v = new OrgViaggio();&#13;&#10;&#9;&#9;assertNotNull(v);&#13;&#10;&#9;&#9;assertEquals(v.assegnaCodice_merce(&quot;Frutta&quot;), 1);&#13;&#10;&#9;&#9;assertEquals(v.assegnaCodice_merce(&quot;Pasta&quot;), 2);&#13;&#10;&#9;&#9;assertEquals(v.assegnaCodice_merce(&quot;Pasta&quot;), 2);&#13;&#10;&#9;&#9;//assertNotEquals(v.assegnaCodice_merce(&quot;Frutta&quot;), 1); -&gt; SBAGLIATO&#13;&#10;&#9;&#9;assertNotEquals(v.assegnaCodice_merce(&quot;Frutta&quot;), 2);&#13;&#10;&#9;&#9;&#13;&#10;&#9;}&#13;&#10;&#9;//Testo il metodo assegnaCodice_zona(String typeMerc)&#13;&#10;&#9;//Il metodo prende una stringa e restituisce un codice identificativo che assegna l'azienda in riferimento alla zona d'Italia in cui spedire&#13;&#10;&#9;@Test&#13;&#10;&#9;public void test2() {&#13;&#10;&#9;&#9;OrgViaggio vi = new OrgViaggio();&#13;&#10;&#9;&#9;assertNotNull(vi);&#13;&#10;&#9;&#9;assertEquals(vi.assegnaCodice_zona(&quot;NORD&quot;), 4);&#13;&#10;&#9;&#9;assertNotEquals(vi.assegnaCodice_zona(&quot;CENTRO&quot;), 6);&#13;&#10;&#9;&#9;&#13;&#10;&#9;}&#13;&#10;&#9;//Testo il metodo flagViaggio(int code_merce,int code_zone)&#13;&#10;&#9;//Il metodo prende in input i codici che l'azienda ha precedentemente assegnato (Cod. merce e Cod. zona) ed abilita un flag &#13;&#10;&#9;//Fisicamente in azienda c'è un pulsante che rispecchia un lascia passare al camion affinchè parta al più presto possibile&#13;&#10;&#9;/*&#13;&#10;&#9;  &#9;Piccolo &quot;oracolo&quot; -&gt; linea guida del funzionamento del lascia passare&#13;&#10;&#9;  &#9;Frutta - Nord partire subito -&gt; 1 - 4&#13;&#10;&#9;&#9;Frutta - Centro partire subito -&gt; 1 - 5&#13;&#10;&#9;&#9;Pasta - Nord partire subito -&gt; 2 - 4&#13;&#10;&#9; */&#13;&#10;&#9;@Test&#13;&#10;&#9;public void test3() {&#13;&#10;&#9;&#9;OrgViaggio vi = new OrgViaggio();&#13;&#10;&#9;&#9;assertNotNull(vi);&#13;&#10;&#9;&#9;assertTrue(vi.flagViaggio(1,4));&#13;&#10;&#9;&#9;assertFalse(vi.flagViaggio(1,6));&#13;&#10;&#9;}&#13;&#10;&#9;&#13;&#10;&#9;//Testo il metodo assegnaCodice_camion(int[] tir, int qta,int zonaIt)&#13;&#10;&#9;/*Il metodo prende in input un array di tir che rappresenta il parco macchina dell'azienda, la quantità di mezzi che il cliente desidera &#13;&#10;&#9;&#9;&#9;&#9;e la zona d'Italia in cui spedire la merce */&#13;&#10;&#9;//Controllo che l'array di input e quello di output siano diversi&#13;&#10;&#9;@Test&#13;&#10;&#9;public void test4() {&#13;&#10;&#9;&#9;OrgViaggio vi = new OrgViaggio();&#13;&#10;&#9;&#9;vi.assegnaCodice_camion(vi.tir,2,4);&#13;&#10;&#9;&#9;assertEquals(4,vi.tir[0]);&#13;&#10;&#9;&#9;assertEquals(4,vi.tir[1]);&#13;&#10;&#9;&#9;vi.assegnaCodice_camion(vi.tir, 60, 5);&#13;&#10;&#9;&#9;assertEquals(5,vi.tir[59]);&#13;&#10;&#9;}&#13;&#10;&#9;&#13;&#10;&#9;//Testo il metodo tutto&#13;&#10;&#9;@Test&#13;&#10;&#9;public void test5() {&#13;&#10;&#9;&#9;OrgViaggio vi = new OrgViaggio();&#13;&#10;&#9;&#9;assertNotNull(vi);&#13;&#10;&#9;&#9;assertTrue(vi.backTir(vi.assegnaCodice_camion(vi.tir, 20, 6)));&#13;&#10;&#9;&#9;&#13;&#10;&#9;}&#13;&#10;}&#13;&#10;" Filename="TestTir1.java" Intrnl_Id="2"/>
<SrcFile Content="&#13;&#10;public class UfficioLogistica {&#13;&#10;&#13;&#10;&#9;public static void main(String[] args) {&#13;&#10;&#9;&#9;&#13;&#10;&#9;&#9;OrgViaggio v = new OrgViaggio();&#13;&#10;&#9;&#9;/*System.out.println(v.assegnaCodice_merce(&quot;Frutta&quot;) + &quot;\n&quot;);&#13;&#10;&#9;&#9;System.out.println(v.assegnaCodice_zona(&quot;NORD&quot;) + &quot;\n&quot;);&#13;&#10;&#9;&#9;System.out.println(v.flagViaggio(v.assegnaCodice_merce(&quot;Frutta&quot;), v.assegnaCodice_zona(&quot;NORD&quot;)) + &quot;\n&quot;);&#13;&#10;&#9;&#9;System.out.println(v.backTir(v.assegnaCodice_camion(v.tir,1, v.assegnaCodice_zona(&quot;NORD&quot;))) + &quot;\n&quot;);&#13;&#10;&#9;&#9;System.out.println(v.backTir(v.assegnaCodice_camion(v.tir,1, v.assegnaCodice_zona(&quot;CENTRO&quot;))) + &quot;\n&quot;);&#13;&#10;&#9;&#9;System.out.println(v.backTir(v.assegnaCodice_camion(v.tir,1, v.assegnaCodice_zona(&quot;SUD&quot;))) + &quot;\n&quot;);*/&#13;&#10;&#9;&#9;&#13;&#10;&#9;&#9;//System.out.println(v.backTir(v.assegnaCodice_camion(v.tir,10, v.assegnaCodice_zona(&quot;SUD&quot;))) + &quot;\n&quot;);&#13;&#10;&#9;}&#13;&#10;&#9;//VIDEO FATTI PER TUTORIAL -&gt; SELENIUM&#13;&#10;&#9;&#13;&#10;&#9;&#9;&#13;&#10;}&#13;&#10;" Filename="UfficioLogistica.java" Intrnl_Id="3"/>
</SrcFileList>
<CritList>
<CritListEntry Name="org.codecover.model.utils.criteria.ConditionCoverage" PluginName="org.codecover"/>
<CritListEntry Name="org.codecover.model.utils.criteria.BranchCoverage" PluginName="org.codecover"/>
<CritListEntry Name="org.codecover.model.utils.criteria.StatementCoverage" PluginName="org.codecover"/>
</CritList>
<BoolOpList>
<BoolOp Arity="2" Intrnl_Id="4" Name="conditional and (&amp;&amp;)">
<BoolAssgnmntBoolMapList>
<MapEntry BoolAssgnmnt="02" Value="false"/>
<MapEntry BoolAssgnmnt="10" Value="false"/>
<MapEntry BoolAssgnmnt="11" Value="true"/>
</BoolAssgnmntBoolMapList>
</BoolOp>
<BoolOp Arity="2" Intrnl_Id="5" Name="conditional or (||)">
<BoolAssgnmntBoolMapList>
<MapEntry BoolAssgnmnt="00" Value="false"/>
<MapEntry BoolAssgnmnt="01" Value="true"/>
<MapEntry BoolAssgnmnt="12" Value="true"/>
</BoolAssgnmntBoolMapList>
</BoolOp>
</BoolOpList>
<HierarchyLvlTypeList>
<HierarchyLvlType EnglishName="method" IntrnlName="method" Intrnl_Id="6"/>
<HierarchyLvlType EnglishName="class" IntrnlName="class" Intrnl_Id="7"/>
<HierarchyLvlType EnglishName="default package" IntrnlName="default package" Intrnl_Id="8"/>
</HierarchyLvlTypeList>
<MASTRoot>
<HierarchyLvl HierarchyLvlId="64" HierarchyLvlTypeId="8" Intrnl_Id="9" Name="default package">
<Header/>
<LocList/>
<HierarchyLvl HierarchyLvlId="55" HierarchyLvlTypeId="7" Intrnl_Id="10" Name="OrgViaggio">
<Header>
<Loc EndOffset="55" SrcFileId="1" StartOffset="32"/>
</Header>
<LocList>
<Loc EndOffset="2417" SrcFileId="1" StartOffset="32"/>
</LocList>
<HierarchyLvl HierarchyLvlId="49" HierarchyLvlTypeId="6" Intrnl_Id="11" Name="OrgViaggio">
<Header>
<Loc EndOffset="181" SrcFileId="1" StartOffset="162"/>
</Header>
<LocList>
<Loc EndOffset="226" SrcFileId="1" StartOffset="162"/>
</LocList>
<StmntSeq Intrnl_Id="12">
<LocList>
<Loc EndOffset="204" SrcFileId="1" StartOffset="186"/>
</LocList>
<BasicStmnt CovItemId="S1" CovItemPrefix="OrgViaggio.java" Intrnl_Id="13">
<LocList>
<Loc EndOffset="204" SrcFileId="1" StartOffset="186"/>
</LocList>
</BasicStmnt>
</StmntSeq>
</HierarchyLvl>
<HierarchyLvl HierarchyLvlId="50" HierarchyLvlTypeId="6" Intrnl_Id="14" Name="assegnaCodice_merce">
<Header>
<Loc EndOffset="278" SrcFileId="1" StartOffset="231"/>
</Header>
<LocList>
<Loc EndOffset="392" SrcFileId="1" StartOffset="231"/>
</LocList>
<StmntSeq Intrnl_Id="15">
<LocList>
<Loc EndOffset="388" SrcFileId="1" StartOffset="284"/>
</LocList>
<CondStmnt CovItemId="S2" CovItemPrefix="OrgViaggio.java" Intrnl_Id="16">
<Branch CovItemId="B1" CovItemPrefix="OrgViaggio.java" Implct="false" Intrnl_Id="17">
<Cond/>
<LocList>
<Loc EndOffset="323" SrcFileId="1" StartOffset="314"/>
</LocList>
<StmntSeq Intrnl_Id="18">
<LocList>
<Loc EndOffset="323" SrcFileId="1" StartOffset="314"/>
</LocList>
<BasicStmnt CovItemId="S3" CovItemPrefix="OrgViaggio.java" Intrnl_Id="19">
<LocList>
<Loc EndOffset="323" SrcFileId="1" StartOffset="314"/>
</LocList>
</BasicStmnt>
</StmntSeq>
</Branch>
<Branch CovItemId="B2" CovItemPrefix="OrgViaggio.java" Implct="false" Intrnl_Id="20">
<Cond>
<Loc EndOffset="331" SrcFileId="1" StartOffset="327"/>
</Cond>
<LocList>
<Loc EndOffset="388" SrcFileId="1" StartOffset="332"/>
</LocList>
<StmntSeq Intrnl_Id="21">
<LocList>
<Loc EndOffset="388" SrcFileId="1" StartOffset="332"/>
</LocList>
<CondStmnt CovItemId="S4" CovItemPrefix="OrgViaggio.java" Intrnl_Id="22">
<Branch CovItemId="B3" CovItemPrefix="OrgViaggio.java" Implct="false" Intrnl_Id="23">
<Cond/>
<LocList>
<Loc EndOffset="370" SrcFileId="1" StartOffset="361"/>
</LocList>
<StmntSeq Intrnl_Id="24">
<LocList>
<Loc EndOffset="370" SrcFileId="1" StartOffset="361"/>
</LocList>
<BasicStmnt CovItemId="S5" CovItemPrefix="OrgViaggio.java" Intrnl_Id="25">
<LocList>
<Loc EndOffset="370" SrcFileId="1" StartOffset="361"/>
</LocList>
</BasicStmnt>
</StmntSeq>
</Branch>
<Branch CovItemId="B4" CovItemPrefix="OrgViaggio.java" Implct="false" Intrnl_Id="26">
<Cond>
<Loc EndOffset="378" SrcFileId="1" StartOffset="374"/>
</Cond>
<LocList>
<Loc EndOffset="388" SrcFileId="1" StartOffset="379"/>
</LocList>
<StmntSeq Intrnl_Id="27">
<LocList>
<Loc EndOffset="388" SrcFileId="1" StartOffset="379"/>
</LocList>
<BasicStmnt CovItemId="S6" CovItemPrefix="OrgViaggio.java" Intrnl_Id="28">
<LocList>
<Loc EndOffset="388" SrcFileId="1" StartOffset="379"/>
</LocList>
</BasicStmnt>
</StmntSeq>
</Branch>
<Keyword EndOffset="334" SrcFileId="1" StartOffset="332"/>
<LocList>
<Loc EndOffset="388" SrcFileId="1" StartOffset="332"/>
</LocList>
<RootTerm CovItemId="C2" CovItemPrefix="OrgViaggio.java" Intrnl_Id="29">
<BasicBoolTerm Intrnl_Id="30">
<LocList>
<Loc EndOffset="359" SrcFileId="1" StartOffset="335"/>
</LocList>
</BasicBoolTerm>
</RootTerm>
</CondStmnt>
</StmntSeq>
</Branch>
<Keyword EndOffset="286" SrcFileId="1" StartOffset="284"/>
<LocList>
<Loc EndOffset="388" SrcFileId="1" StartOffset="284"/>
</LocList>
<RootTerm CovItemId="C1" CovItemPrefix="OrgViaggio.java" Intrnl_Id="31">
<BasicBoolTerm Intrnl_Id="32">
<LocList>
<Loc EndOffset="312" SrcFileId="1" StartOffset="287"/>
</LocList>
</BasicBoolTerm>
</RootTerm>
</CondStmnt>
</StmntSeq>
</HierarchyLvl>
<HierarchyLvl HierarchyLvlId="51" HierarchyLvlTypeId="6" Intrnl_Id="33" Name="assegnaCodice_zona">
<Header>
<Loc EndOffset="444" SrcFileId="1" StartOffset="398"/>
</Header>
<LocList>
<Loc EndOffset="727" SrcFileId="1" StartOffset="398"/>
</LocList>
<StmntSeq Intrnl_Id="34">
<LocList>
<Loc EndOffset="463" SrcFileId="1" StartOffset="450"/>
<Loc EndOffset="707" SrcFileId="1" StartOffset="467"/>
<Loc EndOffset="723" SrcFileId="1" StartOffset="711"/>
</LocList>
<BasicStmnt CovItemId="S7" CovItemPrefix="OrgViaggio.java" Intrnl_Id="35">
<LocList>
<Loc EndOffset="463" SrcFileId="1" StartOffset="450"/>
</LocList>
</BasicStmnt>
<CondStmnt CovItemId="S8" CovItemPrefix="OrgViaggio.java" Intrnl_Id="36">
<Branch CovItemId="B5" CovItemPrefix="OrgViaggio.java" Implct="false" Intrnl_Id="37">
<Cond/>
<LocList>
<Loc EndOffset="504" SrcFileId="1" StartOffset="495"/>
</LocList>
<StmntSeq Intrnl_Id="38">
<LocList>
<Loc EndOffset="504" SrcFileId="1" StartOffset="495"/>
</LocList>
<BasicStmnt CovItemId="S9" CovItemPrefix="OrgViaggio.java" Intrnl_Id="39">
<LocList>
<Loc EndOffset="504" SrcFileId="1" StartOffset="495"/>
</LocList>
</BasicStmnt>
</StmntSeq>
</Branch>
<Branch CovItemId="B6" CovItemPrefix="OrgViaggio.java" Implct="false" Intrnl_Id="40">
<Cond>
<Loc EndOffset="544" SrcFileId="1" StartOffset="540"/>
</Cond>
<LocList>
<Loc EndOffset="707" SrcFileId="1" StartOffset="545"/>
</LocList>
<StmntSeq Intrnl_Id="41">
<LocList>
<Loc EndOffset="669" SrcFileId="1" StartOffset="551"/>
</LocList>
<CondStmnt CovItemId="S10" CovItemPrefix="OrgViaggio.java" Intrnl_Id="42">
<Branch CovItemId="B7" CovItemPrefix="OrgViaggio.java" Implct="false" Intrnl_Id="43">
<Cond/>
<LocList>
<Loc EndOffset="590" SrcFileId="1" StartOffset="581"/>
</LocList>
<StmntSeq Intrnl_Id="44">
<LocList>
<Loc EndOffset="590" SrcFileId="1" StartOffset="581"/>
</LocList>
<BasicStmnt CovItemId="S11" CovItemPrefix="OrgViaggio.java" Intrnl_Id="45">
<LocList>
<Loc EndOffset="590" SrcFileId="1" StartOffset="581"/>
</LocList>
</BasicStmnt>
</StmntSeq>
</Branch>
<Branch CovItemId="B8" CovItemPrefix="OrgViaggio.java" Implct="false" Intrnl_Id="46">
<Cond>
<Loc EndOffset="632" SrcFileId="1" StartOffset="628"/>
</Cond>
<LocList>
<Loc EndOffset="669" SrcFileId="1" StartOffset="633"/>
</LocList>
<StmntSeq Intrnl_Id="47">
<LocList>
<Loc EndOffset="669" SrcFileId="1" StartOffset="633"/>
</LocList>
<CondStmnt CovItemId="S12" CovItemPrefix="OrgViaggio.java" Intrnl_Id="48">
<Branch CovItemId="B9" CovItemPrefix="OrgViaggio.java" Implct="false" Intrnl_Id="49">
<Cond/>
<LocList>
<Loc EndOffset="669" SrcFileId="1" StartOffset="660"/>
</LocList>
<StmntSeq Intrnl_Id="50">
<LocList>
<Loc EndOffset="669" SrcFileId="1" StartOffset="660"/>
</LocList>
<BasicStmnt CovItemId="S13" CovItemPrefix="OrgViaggio.java" Intrnl_Id="51">
<LocList>
<Loc EndOffset="669" SrcFileId="1" StartOffset="660"/>
</LocList>
</BasicStmnt>
</StmntSeq>
</Branch>
<Branch CovItemId="B10" CovItemPrefix="OrgViaggio.java" Implct="true" Intrnl_Id="52">
<Cond/>
<LocList/>
<StmntSeq Intrnl_Id="53">
<LocList/>
</StmntSeq>
</Branch>
<Keyword EndOffset="635" SrcFileId="1" StartOffset="633"/>
<LocList>
<Loc EndOffset="669" SrcFileId="1" StartOffset="633"/>
</LocList>
<RootTerm CovItemId="C5" CovItemPrefix="OrgViaggio.java" Intrnl_Id="54">
<BasicBoolTerm Intrnl_Id="55">
<LocList>
<Loc EndOffset="658" SrcFileId="1" StartOffset="636"/>
</LocList>
</BasicBoolTerm>
</RootTerm>
</CondStmnt>
</StmntSeq>
</Branch>
<Keyword EndOffset="553" SrcFileId="1" StartOffset="551"/>
<LocList>
<Loc EndOffset="669" SrcFileId="1" StartOffset="551"/>
</LocList>
<RootTerm CovItemId="C4" CovItemPrefix="OrgViaggio.java" Intrnl_Id="56">
<BasicBoolTerm Intrnl_Id="57">
<LocList>
<Loc EndOffset="579" SrcFileId="1" StartOffset="554"/>
</LocList>
</BasicBoolTerm>
</RootTerm>
</CondStmnt>
</StmntSeq>
</Branch>
<Keyword EndOffset="469" SrcFileId="1" StartOffset="467"/>
<LocList>
<Loc EndOffset="707" SrcFileId="1" StartOffset="467"/>
</LocList>
<RootTerm CovItemId="C3" CovItemPrefix="OrgViaggio.java" Intrnl_Id="58">
<BasicBoolTerm Intrnl_Id="59">
<LocList>
<Loc EndOffset="493" SrcFileId="1" StartOffset="470"/>
</LocList>
</BasicBoolTerm>
</RootTerm>
</CondStmnt>
<BasicStmnt CovItemId="S14" CovItemPrefix="OrgViaggio.java" Intrnl_Id="60">
<LocList>
<Loc EndOffset="723" SrcFileId="1" StartOffset="711"/>
</LocList>
</BasicStmnt>
</StmntSeq>
</HierarchyLvl>
<HierarchyLvl HierarchyLvlId="52" HierarchyLvlTypeId="6" Intrnl_Id="61" Name="flagViaggio">
<Header>
<Loc EndOffset="933" SrcFileId="1" StartOffset="877"/>
</Header>
<LocList>
<Loc EndOffset="1394" SrcFileId="1" StartOffset="877"/>
</LocList>
<StmntSeq Intrnl_Id="62">
<LocList>
<Loc EndOffset="1365" SrcFileId="1" StartOffset="1182"/>
<Loc EndOffset="1385" SrcFileId="1" StartOffset="1374"/>
</LocList>
<CondStmnt CovItemId="S15" CovItemPrefix="OrgViaggio.java" Intrnl_Id="63">
<Branch CovItemId="B11" CovItemPrefix="OrgViaggio.java" Implct="false" Intrnl_Id="64">
<Cond/>
<LocList>
<Loc EndOffset="1264" SrcFileId="1" StartOffset="1242"/>
</LocList>
<StmntSeq Intrnl_Id="65">
<LocList>
<Loc EndOffset="1259" SrcFileId="1" StartOffset="1248"/>
</LocList>
<BasicStmnt CovItemId="S16" CovItemPrefix="OrgViaggio.java" Intrnl_Id="66">
<LocList>
<Loc EndOffset="1259" SrcFileId="1" StartOffset="1248"/>
</LocList>
</BasicStmnt>
</StmntSeq>
</Branch>
<Branch CovItemId="B12" CovItemPrefix="OrgViaggio.java" Implct="false" Intrnl_Id="67">
<Cond>
<Loc EndOffset="1272" SrcFileId="1" StartOffset="1268"/>
</Cond>
<LocList>
<Loc EndOffset="1365" SrcFileId="1" StartOffset="1273"/>
</LocList>
<StmntSeq Intrnl_Id="68">
<LocList>
<Loc EndOffset="1365" SrcFileId="1" StartOffset="1273"/>
</LocList>
<CondStmnt CovItemId="S17" CovItemPrefix="OrgViaggio.java" Intrnl_Id="69">
<Branch CovItemId="B13" CovItemPrefix="OrgViaggio.java" Implct="false" Intrnl_Id="70">
<Cond/>
<LocList>
<Loc EndOffset="1333" SrcFileId="1" StartOffset="1311"/>
</LocList>
<StmntSeq Intrnl_Id="71">
<LocList>
<Loc EndOffset="1328" SrcFileId="1" StartOffset="1317"/>
</LocList>
<BasicStmnt CovItemId="S18" CovItemPrefix="OrgViaggio.java" Intrnl_Id="72">
<LocList>
<Loc EndOffset="1328" SrcFileId="1" StartOffset="1317"/>
</LocList>
</BasicStmnt>
</StmntSeq>
</Branch>
<Branch CovItemId="B14" CovItemPrefix="OrgViaggio.java" Implct="false" Intrnl_Id="73">
<Cond>
<Loc EndOffset="1341" SrcFileId="1" StartOffset="1337"/>
</Cond>
<LocList>
<Loc EndOffset="1365" SrcFileId="1" StartOffset="1342"/>
</LocList>
<StmntSeq Intrnl_Id="74">
<LocList>
<Loc EndOffset="1360" SrcFileId="1" StartOffset="1348"/>
</LocList>
<BasicStmnt CovItemId="S19" CovItemPrefix="OrgViaggio.java" Intrnl_Id="75">
<LocList>
<Loc EndOffset="1360" SrcFileId="1" StartOffset="1348"/>
</LocList>
</BasicStmnt>
</StmntSeq>
</Branch>
<Keyword EndOffset="1275" SrcFileId="1" StartOffset="1273"/>
<LocList>
<Loc EndOffset="1365" SrcFileId="1" StartOffset="1273"/>
</LocList>
<RootTerm CovItemId="C7" CovItemPrefix="OrgViaggio.java" Intrnl_Id="76">
<OpTerm BooleanOpId="4" Intrnl_Id="77">
<BasicBoolTerm Intrnl_Id="78">
<LocList>
<Loc EndOffset="1291" SrcFileId="1" StartOffset="1276"/>
</LocList>
</BasicBoolTerm>
<BasicBoolTerm Intrnl_Id="79">
<LocList>
<Loc EndOffset="1309" SrcFileId="1" StartOffset="1295"/>
</LocList>
</BasicBoolTerm>
<LocList>
<Loc EndOffset="1294" SrcFileId="1" StartOffset="1292"/>
</LocList>
</OpTerm>
</RootTerm>
</CondStmnt>
</StmntSeq>
</Branch>
<Keyword EndOffset="1184" SrcFileId="1" StartOffset="1182"/>
<LocList>
<Loc EndOffset="1365" SrcFileId="1" StartOffset="1182"/>
</LocList>
<RootTerm CovItemId="C6" CovItemPrefix="OrgViaggio.java" Intrnl_Id="80">
<OpTerm BooleanOpId="4" Intrnl_Id="81">
<BasicBoolTerm Intrnl_Id="82">
<LocList>
<Loc EndOffset="1201" SrcFileId="1" StartOffset="1186"/>
</LocList>
</BasicBoolTerm>
<OpTerm BooleanOpId="5" Intrnl_Id="83">
<BasicBoolTerm Intrnl_Id="84">
<LocList>
<Loc EndOffset="1220" SrcFileId="1" StartOffset="1206"/>
</LocList>
</BasicBoolTerm>
<BasicBoolTerm Intrnl_Id="85">
<LocList>
<Loc EndOffset="1239" SrcFileId="1" StartOffset="1225"/>
</LocList>
</BasicBoolTerm>
<LocList>
<Loc EndOffset="1224" SrcFileId="1" StartOffset="1222"/>
</LocList>
</OpTerm>
<LocList>
<Loc EndOffset="1204" SrcFileId="1" StartOffset="1202"/>
</LocList>
</OpTerm>
</RootTerm>
</CondStmnt>
<BasicStmnt CovItemId="S20" CovItemPrefix="OrgViaggio.java" Intrnl_Id="86">
<LocList>
<Loc EndOffset="1385" SrcFileId="1" StartOffset="1374"/>
</LocList>
</BasicStmnt>
</StmntSeq>
</HierarchyLvl>
<HierarchyLvl HierarchyLvlId="53" HierarchyLvlTypeId="6" Intrnl_Id="87" Name="assegnaCodice_camion">
<Header>
<Loc EndOffset="1470" SrcFileId="1" StartOffset="1406"/>
</Header>
<LocList>
<Loc EndOffset="1560" SrcFileId="1" StartOffset="1406"/>
</LocList>
<StmntSeq Intrnl_Id="88">
<LocList>
<Loc EndOffset="1536" SrcFileId="1" StartOffset="1480"/>
<Loc EndOffset="1552" SrcFileId="1" StartOffset="1541"/>
</LocList>
<LoopStmnt CovItemId="S21" CovItemPrefix="OrgViaggio.java" Intrnl_Id="89" MltplExecId="L1-2" MltplExecPrefix="OrgViaggio.java" NvrExecId="L1-0" NvrExecPrefix="OrgViaggio.java" OnceExecutedId="L1-1" OnceExecutedPrefix="OrgViaggio.java" OptBodyExec="true">
<StmntSeq Intrnl_Id="90">
<LocList>
<Loc EndOffset="1530" SrcFileId="1" StartOffset="1514"/>
</LocList>
<BasicStmnt CovItemId="S22" CovItemPrefix="OrgViaggio.java" Intrnl_Id="91">
<LocList>
<Loc EndOffset="1530" SrcFileId="1" StartOffset="1514"/>
</LocList>
</BasicStmnt>
</StmntSeq>
<Keyword EndOffset="1483" SrcFileId="1" StartOffset="1480"/>
<LocList>
<Loc EndOffset="1536" SrcFileId="1" StartOffset="1480"/>
</LocList>
<RootTerm CovItemId="C8" CovItemPrefix="OrgViaggio.java" Intrnl_Id="92">
<BasicBoolTerm Intrnl_Id="93">
<LocList>
<Loc EndOffset="1501" SrcFileId="1" StartOffset="1494"/>
</LocList>
</BasicBoolTerm>
</RootTerm>
</LoopStmnt>
<BasicStmnt CovItemId="S23" CovItemPrefix="OrgViaggio.java" Intrnl_Id="94">
<LocList>
<Loc EndOffset="1552" SrcFileId="1" StartOffset="1541"/>
</LocList>
</BasicStmnt>
</StmntSeq>
</HierarchyLvl>
<HierarchyLvl HierarchyLvlId="54" HierarchyLvlTypeId="6" Intrnl_Id="95" Name="backTir">
<Header>
<Loc EndOffset="1599" SrcFileId="1" StartOffset="1566"/>
</Header>
<LocList>
<Loc EndOffset="2411" SrcFileId="1" StartOffset="1566"/>
</LocList>
<StmntSeq Intrnl_Id="96">
<LocList>
<Loc EndOffset="1632" SrcFileId="1" StartOffset="1606"/>
<Loc EndOffset="2380" SrcFileId="1" StartOffset="1640"/>
<Loc EndOffset="2407" SrcFileId="1" StartOffset="2390"/>
</LocList>
<BasicStmnt CovItemId="S24" CovItemPrefix="OrgViaggio.java" Intrnl_Id="97">
<LocList>
<Loc EndOffset="1632" SrcFileId="1" StartOffset="1606"/>
</LocList>
</BasicStmnt>
<LoopStmnt CovItemId="S25" CovItemPrefix="OrgViaggio.java" Intrnl_Id="98" MltplExecId="L2-2" MltplExecPrefix="OrgViaggio.java" NvrExecId="L2-0" NvrExecPrefix="OrgViaggio.java" OnceExecutedId="L2-1" OnceExecutedPrefix="OrgViaggio.java" OptBodyExec="true">
<StmntSeq Intrnl_Id="99">
<LocList>
<Loc EndOffset="2375" SrcFileId="1" StartOffset="1682"/>
</LocList>
<CondStmnt CovItemId="S26" CovItemPrefix="OrgViaggio.java" Intrnl_Id="100">
<Branch CovItemId="B15" CovItemPrefix="OrgViaggio.java" Implct="false" Intrnl_Id="101">
<Cond/>
<LocList>
<Loc EndOffset="1903" SrcFileId="1" StartOffset="1713"/>
</LocList>
<StmntSeq Intrnl_Id="102">
<LocList>
<Loc EndOffset="1763" SrcFileId="1" StartOffset="1720"/>
<Loc EndOffset="1800" SrcFileId="1" StartOffset="1769"/>
<Loc EndOffset="1874" SrcFileId="1" StartOffset="1807"/>
<Loc EndOffset="1897" SrcFileId="1" StartOffset="1880"/>
</LocList>
<BasicStmnt CovItemId="S27" CovItemPrefix="OrgViaggio.java" Intrnl_Id="103">
<LocList>
<Loc EndOffset="1763" SrcFileId="1" StartOffset="1720"/>
</LocList>
</BasicStmnt>
<BasicStmnt CovItemId="S28" CovItemPrefix="OrgViaggio.java" Intrnl_Id="104">
<LocList>
<Loc EndOffset="1800" SrcFileId="1" StartOffset="1769"/>
</LocList>
</BasicStmnt>
<BasicStmnt CovItemId="S29" CovItemPrefix="OrgViaggio.java" Intrnl_Id="105">
<LocList>
<Loc EndOffset="1874" SrcFileId="1" StartOffset="1807"/>
</LocList>
</BasicStmnt>
<BasicStmnt CovItemId="S30" CovItemPrefix="OrgViaggio.java" Intrnl_Id="106">
<LocList>
<Loc EndOffset="1897" SrcFileId="1" StartOffset="1880"/>
</LocList>
</BasicStmnt>
</StmntSeq>
</Branch>
<Branch CovItemId="B16" CovItemPrefix="OrgViaggio.java" Implct="false" Intrnl_Id="107">
<Cond>
<Loc EndOffset="1912" SrcFileId="1" StartOffset="1908"/>
</Cond>
<LocList>
<Loc EndOffset="2375" SrcFileId="1" StartOffset="1913"/>
</LocList>
<StmntSeq Intrnl_Id="108">
<LocList>
<Loc EndOffset="2375" SrcFileId="1" StartOffset="1913"/>
</LocList>
<CondStmnt CovItemId="S31" CovItemPrefix="OrgViaggio.java" Intrnl_Id="109">
<Branch CovItemId="B17" CovItemPrefix="OrgViaggio.java" Implct="false" Intrnl_Id="110">
<Cond/>
<LocList>
<Loc EndOffset="2139" SrcFileId="1" StartOffset="1944"/>
</LocList>
<StmntSeq Intrnl_Id="111">
<LocList>
<Loc EndOffset="1995" SrcFileId="1" StartOffset="1952"/>
<Loc EndOffset="2033" SrcFileId="1" StartOffset="2002"/>
<Loc EndOffset="2108" SrcFileId="1" StartOffset="2041"/>
<Loc EndOffset="2132" SrcFileId="1" StartOffset="2115"/>
</LocList>
<BasicStmnt CovItemId="S32" CovItemPrefix="OrgViaggio.java" Intrnl_Id="112">
<LocList>
<Loc EndOffset="1995" SrcFileId="1" StartOffset="1952"/>
</LocList>
</BasicStmnt>
<BasicStmnt CovItemId="S33" CovItemPrefix="OrgViaggio.java" Intrnl_Id="113">
<LocList>
<Loc EndOffset="2033" SrcFileId="1" StartOffset="2002"/>
</LocList>
</BasicStmnt>
<BasicStmnt CovItemId="S34" CovItemPrefix="OrgViaggio.java" Intrnl_Id="114">
<LocList>
<Loc EndOffset="2108" SrcFileId="1" StartOffset="2041"/>
</LocList>
</BasicStmnt>
<BasicStmnt CovItemId="S35" CovItemPrefix="OrgViaggio.java" Intrnl_Id="115">
<LocList>
<Loc EndOffset="2132" SrcFileId="1" StartOffset="2115"/>
</LocList>
</BasicStmnt>
</StmntSeq>
</Branch>
<Branch CovItemId="B18" CovItemPrefix="OrgViaggio.java" Implct="false" Intrnl_Id="116">
<Cond>
<Loc EndOffset="2153" SrcFileId="1" StartOffset="2149"/>
</Cond>
<LocList>
<Loc EndOffset="2375" SrcFileId="1" StartOffset="2154"/>
</LocList>
<StmntSeq Intrnl_Id="117">
<LocList>
<Loc EndOffset="2375" SrcFileId="1" StartOffset="2154"/>
</LocList>
<CondStmnt CovItemId="S36" CovItemPrefix="OrgViaggio.java" Intrnl_Id="118">
<Branch CovItemId="B19" CovItemPrefix="OrgViaggio.java" Implct="false" Intrnl_Id="119">
<Cond/>
<LocList>
<Loc EndOffset="2375" SrcFileId="1" StartOffset="2185"/>
</LocList>
<StmntSeq Intrnl_Id="120">
<LocList>
<Loc EndOffset="2235" SrcFileId="1" StartOffset="2192"/>
<Loc EndOffset="2272" SrcFileId="1" StartOffset="2241"/>
<Loc EndOffset="2346" SrcFileId="1" StartOffset="2279"/>
<Loc EndOffset="2369" SrcFileId="1" StartOffset="2352"/>
</LocList>
<BasicStmnt CovItemId="S37" CovItemPrefix="OrgViaggio.java" Intrnl_Id="121">
<LocList>
<Loc EndOffset="2235" SrcFileId="1" StartOffset="2192"/>
</LocList>
</BasicStmnt>
<BasicStmnt CovItemId="S38" CovItemPrefix="OrgViaggio.java" Intrnl_Id="122">
<LocList>
<Loc EndOffset="2272" SrcFileId="1" StartOffset="2241"/>
</LocList>
</BasicStmnt>
<BasicStmnt CovItemId="S39" CovItemPrefix="OrgViaggio.java" Intrnl_Id="123">
<LocList>
<Loc EndOffset="2346" SrcFileId="1" StartOffset="2279"/>
</LocList>
</BasicStmnt>
<BasicStmnt CovItemId="S40" CovItemPrefix="OrgViaggio.java" Intrnl_Id="124">
<LocList>
<Loc EndOffset="2369" SrcFileId="1" StartOffset="2352"/>
</LocList>
</BasicStmnt>
</StmntSeq>
</Branch>
<Branch CovItemId="B20" CovItemPrefix="OrgViaggio.java" Implct="true" Intrnl_Id="125">
<Cond/>
<LocList/>
<StmntSeq Intrnl_Id="126">
<LocList/>
</StmntSeq>
</Branch>
<Keyword EndOffset="2156" SrcFileId="1" StartOffset="2154"/>
<LocList>
<Loc EndOffset="2375" SrcFileId="1" StartOffset="2154"/>
</LocList>
<RootTerm CovItemId="C12" CovItemPrefix="OrgViaggio.java" Intrnl_Id="127">
<OpTerm BooleanOpId="4" Intrnl_Id="128">
<BasicBoolTerm Intrnl_Id="129">
<LocList>
<Loc EndOffset="2168" SrcFileId="1" StartOffset="2157"/>
</LocList>
</BasicBoolTerm>
<BasicBoolTerm Intrnl_Id="130">
<LocList>
<Loc EndOffset="2183" SrcFileId="1" StartOffset="2172"/>
</LocList>
</BasicBoolTerm>
<LocList>
<Loc EndOffset="2171" SrcFileId="1" StartOffset="2169"/>
</LocList>
</OpTerm>
</RootTerm>
</CondStmnt>
</StmntSeq>
</Branch>
<Keyword EndOffset="1915" SrcFileId="1" StartOffset="1913"/>
<LocList>
<Loc EndOffset="2375" SrcFileId="1" StartOffset="1913"/>
</LocList>
<RootTerm CovItemId="C11" CovItemPrefix="OrgViaggio.java" Intrnl_Id="131">
<OpTerm BooleanOpId="4" Intrnl_Id="132">
<BasicBoolTerm Intrnl_Id="133">
<LocList>
<Loc EndOffset="1927" SrcFileId="1" StartOffset="1916"/>
</LocList>
</BasicBoolTerm>
<BasicBoolTerm Intrnl_Id="134">
<LocList>
<Loc EndOffset="1942" SrcFileId="1" StartOffset="1931"/>
</LocList>
</BasicBoolTerm>
<LocList>
<Loc EndOffset="1930" SrcFileId="1" StartOffset="1928"/>
</LocList>
</OpTerm>
</RootTerm>
</CondStmnt>
</StmntSeq>
</Branch>
<Keyword EndOffset="1684" SrcFileId="1" StartOffset="1682"/>
<LocList>
<Loc EndOffset="2375" SrcFileId="1" StartOffset="1682"/>
</LocList>
<RootTerm CovItemId="C10" CovItemPrefix="OrgViaggio.java" Intrnl_Id="135">
<OpTerm BooleanOpId="4" Intrnl_Id="136">
<BasicBoolTerm Intrnl_Id="137">
<LocList>
<Loc EndOffset="1696" SrcFileId="1" StartOffset="1685"/>
</LocList>
</BasicBoolTerm>
<BasicBoolTerm Intrnl_Id="138">
<LocList>
<Loc EndOffset="1711" SrcFileId="1" StartOffset="1700"/>
</LocList>
</BasicBoolTerm>
<LocList>
<Loc EndOffset="1699" SrcFileId="1" StartOffset="1697"/>
</LocList>
</OpTerm>
</RootTerm>
</CondStmnt>
</StmntSeq>
<Keyword EndOffset="1643" SrcFileId="1" StartOffset="1640"/>
<LocList>
<Loc EndOffset="2380" SrcFileId="1" StartOffset="1640"/>
</LocList>
<RootTerm CovItemId="C9" CovItemPrefix="OrgViaggio.java" Intrnl_Id="139">
<BasicBoolTerm Intrnl_Id="140">
<LocList>
<Loc EndOffset="1668" SrcFileId="1" StartOffset="1654"/>
</LocList>
</BasicBoolTerm>
</RootTerm>
</LoopStmnt>
<BasicStmnt CovItemId="S41" CovItemPrefix="OrgViaggio.java" Intrnl_Id="141">
<LocList>
<Loc EndOffset="2407" SrcFileId="1" StartOffset="2390"/>
</LocList>
</BasicStmnt>
</StmntSeq>
</HierarchyLvl>
</HierarchyLvl>
<HierarchyLvl HierarchyLvlId="61" HierarchyLvlTypeId="7" Intrnl_Id="142" Name="TestTir1">
<Header>
<Loc EndOffset="84" SrcFileId="2" StartOffset="63"/>
</Header>
<LocList>
<Loc EndOffset="2547" SrcFileId="2" StartOffset="63"/>
</LocList>
<HierarchyLvl HierarchyLvlId="56" HierarchyLvlTypeId="6" Intrnl_Id="143" Name="test1">
<Header>
<Loc EndOffset="318" SrcFileId="2" StartOffset="291"/>
</Header>
<LocList>
<Loc EndOffset="669" SrcFileId="2" StartOffset="291"/>
</LocList>
<StmntSeq Intrnl_Id="144">
<LocList>
<Loc EndOffset="356" SrcFileId="2" StartOffset="324"/>
<Loc EndOffset="377" SrcFileId="2" StartOffset="360"/>
<Loc EndOffset="430" SrcFileId="2" StartOffset="381"/>
<Loc EndOffset="482" SrcFileId="2" StartOffset="434"/>
<Loc EndOffset="534" SrcFileId="2" StartOffset="486"/>
<Loc EndOffset="661" SrcFileId="2" StartOffset="609"/>
</LocList>
<BasicStmnt CovItemId="S1" CovItemPrefix="TestTir1.java" Intrnl_Id="145">
<LocList>
<Loc EndOffset="356" SrcFileId="2" StartOffset="324"/>
</LocList>
</BasicStmnt>
<BasicStmnt CovItemId="S2" CovItemPrefix="TestTir1.java" Intrnl_Id="146">
<LocList>
<Loc EndOffset="377" SrcFileId="2" StartOffset="360"/>
</LocList>
</BasicStmnt>
<BasicStmnt CovItemId="S3" CovItemPrefix="TestTir1.java" Intrnl_Id="147">
<LocList>
<Loc EndOffset="430" SrcFileId="2" StartOffset="381"/>
</LocList>
</BasicStmnt>
<BasicStmnt CovItemId="S4" CovItemPrefix="TestTir1.java" Intrnl_Id="148">
<LocList>
<Loc EndOffset="482" SrcFileId="2" StartOffset="434"/>
</LocList>
</BasicStmnt>
<BasicStmnt CovItemId="S5" CovItemPrefix="TestTir1.java" Intrnl_Id="149">
<LocList>
<Loc EndOffset="534" SrcFileId="2" StartOffset="486"/>
</LocList>
</BasicStmnt>
<BasicStmnt CovItemId="S6" CovItemPrefix="TestTir1.java" Intrnl_Id="150">
<LocList>
<Loc EndOffset="661" SrcFileId="2" StartOffset="609"/>
</LocList>
</BasicStmnt>
</StmntSeq>
</HierarchyLvl>
<HierarchyLvl HierarchyLvlId="57" HierarchyLvlTypeId="6" Intrnl_Id="151" Name="test2">
<Header>
<Loc EndOffset="898" SrcFileId="2" StartOffset="871"/>
</Header>
<LocList>
<Loc EndOffset="1074" SrcFileId="2" StartOffset="871"/>
</LocList>
<StmntSeq Intrnl_Id="152">
<LocList>
<Loc EndOffset="937" SrcFileId="2" StartOffset="904"/>
<Loc EndOffset="959" SrcFileId="2" StartOffset="941"/>
<Loc EndOffset="1010" SrcFileId="2" StartOffset="963"/>
<Loc EndOffset="1066" SrcFileId="2" StartOffset="1014"/>
</LocList>
<BasicStmnt CovItemId="S7" CovItemPrefix="TestTir1.java" Intrnl_Id="153">
<LocList>
<Loc EndOffset="937" SrcFileId="2" StartOffset="904"/>
</LocList>
</BasicStmnt>
<BasicStmnt CovItemId="S8" CovItemPrefix="TestTir1.java" Intrnl_Id="154">
<LocList>
<Loc EndOffset="959" SrcFileId="2" StartOffset="941"/>
</LocList>
</BasicStmnt>
<BasicStmnt CovItemId="S9" CovItemPrefix="TestTir1.java" Intrnl_Id="155">
<LocList>
<Loc EndOffset="1010" SrcFileId="2" StartOffset="963"/>
</LocList>
</BasicStmnt>
<BasicStmnt CovItemId="S10" CovItemPrefix="TestTir1.java" Intrnl_Id="156">
<LocList>
<Loc EndOffset="1066" SrcFileId="2" StartOffset="1014"/>
</LocList>
</BasicStmnt>
</StmntSeq>
</HierarchyLvl>
<HierarchyLvl HierarchyLvlId="58" HierarchyLvlTypeId="6" Intrnl_Id="157" Name="test3">
<Header>
<Loc EndOffset="1630" SrcFileId="2" StartOffset="1603"/>
</Header>
<LocList>
<Loc EndOffset="1768" SrcFileId="2" StartOffset="1603"/>
</LocList>
<StmntSeq Intrnl_Id="158">
<LocList>
<Loc EndOffset="1669" SrcFileId="2" StartOffset="1636"/>
<Loc EndOffset="1691" SrcFileId="2" StartOffset="1673"/>
<Loc EndOffset="1727" SrcFileId="2" StartOffset="1695"/>
<Loc EndOffset="1764" SrcFileId="2" StartOffset="1731"/>
</LocList>
<BasicStmnt CovItemId="S11" CovItemPrefix="TestTir1.java" Intrnl_Id="159">
<LocList>
<Loc EndOffset="1669" SrcFileId="2" StartOffset="1636"/>
</LocList>
</BasicStmnt>
<BasicStmnt CovItemId="S12" CovItemPrefix="TestTir1.java" Intrnl_Id="160">
<LocList>
<Loc EndOffset="1691" SrcFileId="2" StartOffset="1673"/>
</LocList>
</BasicStmnt>
<BasicStmnt CovItemId="S13" CovItemPrefix="TestTir1.java" Intrnl_Id="161">
<LocList>
<Loc EndOffset="1727" SrcFileId="2" StartOffset="1695"/>
</LocList>
</BasicStmnt>
<BasicStmnt CovItemId="S14" CovItemPrefix="TestTir1.java" Intrnl_Id="162">
<LocList>
<Loc EndOffset="1764" SrcFileId="2" StartOffset="1731"/>
</LocList>
</BasicStmnt>
</StmntSeq>
</HierarchyLvl>
<HierarchyLvl HierarchyLvlId="59" HierarchyLvlTypeId="6" Intrnl_Id="163" Name="test4">
<Header>
<Loc EndOffset="2132" SrcFileId="2" StartOffset="2105"/>
</Header>
<LocList>
<Loc EndOffset="2349" SrcFileId="2" StartOffset="2105"/>
</LocList>
<StmntSeq Intrnl_Id="164">
<LocList>
<Loc EndOffset="2171" SrcFileId="2" StartOffset="2138"/>
<Loc EndOffset="2211" SrcFileId="2" StartOffset="2175"/>
<Loc EndOffset="2241" SrcFileId="2" StartOffset="2215"/>
<Loc EndOffset="2271" SrcFileId="2" StartOffset="2245"/>
<Loc EndOffset="2314" SrcFileId="2" StartOffset="2275"/>
<Loc EndOffset="2345" SrcFileId="2" StartOffset="2318"/>
</LocList>
<BasicStmnt CovItemId="S15" CovItemPrefix="TestTir1.java" Intrnl_Id="165">
<LocList>
<Loc EndOffset="2171" SrcFileId="2" StartOffset="2138"/>
</LocList>
</BasicStmnt>
<BasicStmnt CovItemId="S16" CovItemPrefix="TestTir1.java" Intrnl_Id="166">
<LocList>
<Loc EndOffset="2211" SrcFileId="2" StartOffset="2175"/>
</LocList>
</BasicStmnt>
<BasicStmnt CovItemId="S17" CovItemPrefix="TestTir1.java" Intrnl_Id="167">
<LocList>
<Loc EndOffset="2241" SrcFileId="2" StartOffset="2215"/>
</LocList>
</BasicStmnt>
<BasicStmnt CovItemId="S18" CovItemPrefix="TestTir1.java" Intrnl_Id="168">
<LocList>
<Loc EndOffset="2271" SrcFileId="2" StartOffset="2245"/>
</LocList>
</BasicStmnt>
<BasicStmnt CovItemId="S19" CovItemPrefix="TestTir1.java" Intrnl_Id="169">
<LocList>
<Loc EndOffset="2314" SrcFileId="2" StartOffset="2275"/>
</LocList>
</BasicStmnt>
<BasicStmnt CovItemId="S20" CovItemPrefix="TestTir1.java" Intrnl_Id="170">
<LocList>
<Loc EndOffset="2345" SrcFileId="2" StartOffset="2318"/>
</LocList>
</BasicStmnt>
</StmntSeq>
</HierarchyLvl>
<HierarchyLvl HierarchyLvlId="60" HierarchyLvlTypeId="6" Intrnl_Id="171" Name="test5">
<Header>
<Loc EndOffset="2408" SrcFileId="2" StartOffset="2381"/>
</Header>
<LocList>
<Loc EndOffset="2544" SrcFileId="2" StartOffset="2381"/>
</LocList>
<StmntSeq Intrnl_Id="172">
<LocList>
<Loc EndOffset="2447" SrcFileId="2" StartOffset="2414"/>
<Loc EndOffset="2469" SrcFileId="2" StartOffset="2451"/>
<Loc EndOffset="2536" SrcFileId="2" StartOffset="2473"/>
</LocList>
<BasicStmnt CovItemId="S21" CovItemPrefix="TestTir1.java" Intrnl_Id="173">
<LocList>
<Loc EndOffset="2447" SrcFileId="2" StartOffset="2414"/>
</LocList>
</BasicStmnt>
<BasicStmnt CovItemId="S22" CovItemPrefix="TestTir1.java" Intrnl_Id="174">
<LocList>
<Loc EndOffset="2469" SrcFileId="2" StartOffset="2451"/>
</LocList>
</BasicStmnt>
<BasicStmnt CovItemId="S23" CovItemPrefix="TestTir1.java" Intrnl_Id="175">
<LocList>
<Loc EndOffset="2536" SrcFileId="2" StartOffset="2473"/>
</LocList>
</BasicStmnt>
</StmntSeq>
</HierarchyLvl>
</HierarchyLvl>
<HierarchyLvl HierarchyLvlId="63" HierarchyLvlTypeId="7" Intrnl_Id="176" Name="UfficioLogistica">
<Header>
<Loc EndOffset="31" SrcFileId="3" StartOffset="2"/>
</Header>
<LocList>
<Loc EndOffset="831" SrcFileId="3" StartOffset="2"/>
</LocList>
<HierarchyLvl HierarchyLvlId="62" HierarchyLvlTypeId="6" Intrnl_Id="177" Name="main">
<Header>
<Loc EndOffset="76" SrcFileId="3" StartOffset="38"/>
</Header>
<LocList>
<Loc EndOffset="780" SrcFileId="3" StartOffset="38"/>
</LocList>
<StmntSeq Intrnl_Id="178">
<LocList>
<Loc EndOffset="118" SrcFileId="3" StartOffset="86"/>
</LocList>
<BasicStmnt CovItemId="S1" CovItemPrefix="UfficioLogistica.java" Intrnl_Id="179">
<LocList>
<Loc EndOffset="118" SrcFileId="3" StartOffset="86"/>
</LocList>
</BasicStmnt>
</StmntSeq>
</HierarchyLvl>
</HierarchyLvl>
</HierarchyLvl>
</MASTRoot>
</TestSessionContainer>
